<?xml version="1.0" encoding="UTF-8"?>
<!-- Generated by org.testng.reporters.JUnitReportReporter -->
<testsuite hostname="Admin-PC" name="testCases.NewTest" tests="1" failures="0" timestamp="18 Dec 2017 11:55:11 GMT" time="0.545" errors="0">
  <testcase name="test001_Login" time="0.545" classname="testCases.NewTest"/>
</testsuite> <!-- testCases.NewTest -->
